<?xml version="1.0" encoding="UTF-8"?>
<!-- Generated by org.testng.reporters.JUnitXMLReporter -->
<testsuite ignored="0" hostname="DESKTOP-FGP570C" failures="0" tests="2" name="Default test(failed)" time="0.132" errors="0" timestamp="2024-06-12T16:12:10 IST">
  <testcase classname="FrameWorkSkillRary.BaseClass" name="@BeforeClass ClassSetup" time="0.016">
    <failure type="java.lang.NullPointerException" message="Cannot invoke &amp;quot;java.util.Properties.getProperty(String)&amp;quot; because &amp;quot;this.property&amp;quot; is null">
      <![CDATA[java.lang.NullPointerException: Cannot invoke "java.util.Properties.getProperty(String)" because "this.property" is null
at FrameWorkSkillRary.FileUtility.readFromProperties(FileUtility.java:19)
at FrameWorkSkillRary.BaseClass.ClassSetup(BaseClass.java:29)
at java.base/java.util.ArrayList.forEach(ArrayList.java:1596)
... Removed 23 stack frames]]>
    </failure>
  </testcase> <!-- @BeforeClass ClassSetup -->
  <testcase classname="FrameWorkSkillRary.BaseClass" name="@BeforeMethod methodSetup" time="-1.718188930778E9">
    <skipped/>
  </testcase> <!-- @BeforeMethod methodSetup -->
  <testcase classname="FrameWorkSkillRary.BaseClass" name="@BeforeMethod methodSetup" time="-1.71818893079E9">
    <skipped/>
  </testcase> <!-- @BeforeMethod methodSetup -->
  <testcase classname="FrameWorkSkillRary.BaseClass" name="@AfterClass classTeardown" time="-1.718188930809E9">
    <skipped/>
  </testcase> <!-- @AfterClass classTeardown -->
  <testcase classname="FrameWorkSkillRary.TestClass" name="loginTest" time="0.0">
    <skipped/>
  </testcase> <!-- loginTest -->
  <testcase classname="FrameWorkSkillRary.TestClass" name="loginTest" time="0.0">
    <skipped/>
  </testcase> <!-- loginTest -->
</testsuite> <!-- Default test(failed) -->
