<?xml version="1.0" encoding="UTF-8"?>
<!-- Generated by org.testng.reporters.JUnitXMLReporter -->
<testsuite ignored="2" hostname="DESKTOP-FGP570C" failures="0" tests="1" name="Test(failed)" time="0.075" errors="0" timestamp="2024-06-10T11:24:01 IST">
  <testcase classname="testNG.DependsOnMethodsTest" name="demo2" time="0.019"/>
  <testcase classname="testNG.DependsOnMethodsTest" name="demo1" time="0.0">
    <ignored/>
  </testcase> <!-- demo1 -->
  <testcase classname="testNG.DependsOnMethodsTest" name="demo3" time="0.0">
    <ignored/>
  </testcase> <!-- demo3 -->
</testsuite> <!-- Test(failed) -->
